Fri Dec 23 13:25:21 2022 -- "Vx+" button pressed
Fri Dec 23 13:25:23 2022 -- "Vx+" button pressed
Fri Dec 23 13:25:25 2022 -- "Vz+" button pressed
Fri Dec 23 13:25:32 2022 -- Signal RESET received
Fri Dec 23 13:25:47 2022 -- "Vx+" button pressed
Fri Dec 23 13:25:50 2022 -- "Vz+" button pressed
Fri Dec 23 13:25:53 2022 -- "Vz stop" button pressed
Fri Dec 23 13:25:56 2022 -- "Vz-" button pressed
Fri Dec 23 13:26:00 2022 -- "Vz stop" button pressed
Fri Dec 23 13:26:05 2022 -- "Vz+" button pressed
Fri Dec 23 13:26:13 2022 -- Signal STOP received
Fri Dec 23 13:26:15 2022 -- Signal RESET received
Fri Dec 23 13:26:50 2022 -- "Vx+" button pressed
Fri Dec 23 13:26:51 2022 -- "Vx+" button pressed
Fri Dec 23 13:26:55 2022 -- "Vz+" button pressed
Fri Dec 23 13:26:58 2022 -- "Vz stop" button pressed
Fri Dec 23 13:27:02 2022 -- "Vz-" button pressed
Fri Dec 23 13:27:06 2022 -- "Vz-" button pressed
Fri Dec 23 13:27:11 2022 -- "Vx+" button pressed
Fri Dec 23 13:27:12 2022 -- "Vz+" button pressed
Fri Dec 23 13:27:20 2022 -- Signal STOP received
Fri Dec 23 13:27:22 2022 -- Signal STOP received
Fri Dec 23 13:27:24 2022 -- Signal RESET received
Fri Dec 23 13:27:31 2022 -- "Vz+" button pressed
Fri Dec 23 13:27:33 2022 -- "Vz+" button pressed
Fri Dec 23 13:27:57 2022 -- Signal RESET received
